<?xml version="1.0" encoding="utf-8"?><testsuites><testsuite errors="0" failures="0" hostname="keenvctaf" name="pytest" skipped="0" tests="4" time="32.703" timestamp="2020-02-06T02:45:15.228869"><testcase classname="test_Example1.TestExampleOne" file="test_Example1.py" line="9" name="test_title" time="3.946"></testcase><testcase classname="test_Example1.TestExampleOne" file="test_Example1.py" line="12" name="test_content_text" time="0.082"></testcase><testcase classname="test_Example1.TestExampleOne" file="test_Example1.py" line="17" name="test_bootstrap_bar" time="22.874"></testcase><testcase classname="test_Example2.TestExampleTwo" file="test_Example2.py" line="6" name="test_simpleInputForm" time="5.759"></testcase></testsuite></testsuites>